2025/05/20 01:37:49 [emerg] 1#1: cannot load certificate "/etc/nginx/ssl/server.crt": BIO_new_file() failed (SSL: error:80000002:system library::No such file or directory:calling fopen(/etc/nginx/ssl/server.crt, r) error:10000080:BIO routines::no such file)
2025/05/20 01:37:49 [emerg] 1#1: cannot load certificate "/etc/nginx/ssl/server.crt": BIO_new_file() failed (SSL: error:80000002:system library::No such file or directory:calling fopen(/etc/nginx/ssl/server.crt, r) error:10000080:BIO routines::no such file)
2025/05/20 01:37:49 [emerg] 1#1: cannot load certificate "/etc/nginx/ssl/server.crt": BIO_new_file() failed (SSL: error:80000002:system library::No such file or directory:calling fopen(/etc/nginx/ssl/server.crt, r) error:10000080:BIO routines::no such file)
2025/05/20 01:37:50 [emerg] 1#1: cannot load certificate "/etc/nginx/ssl/server.crt": BIO_new_file() failed (SSL: error:80000002:system library::No such file or directory:calling fopen(/etc/nginx/ssl/server.crt, r) error:10000080:BIO routines::no such file)
2025/05/20 01:37:51 [emerg] 1#1: cannot load certificate "/etc/nginx/ssl/server.crt": BIO_new_file() failed (SSL: error:80000002:system library::No such file or directory:calling fopen(/etc/nginx/ssl/server.crt, r) error:10000080:BIO routines::no such file)
2025/05/20 01:37:52 [emerg] 1#1: cannot load certificate "/etc/nginx/ssl/server.crt": BIO_new_file() failed (SSL: error:80000002:system library::No such file or directory:calling fopen(/etc/nginx/ssl/server.crt, r) error:10000080:BIO routines::no such file)
2025/05/20 01:37:56 [emerg] 1#1: cannot load certificate "/etc/nginx/ssl/server.crt": BIO_new_file() failed (SSL: error:80000002:system library::No such file or directory:calling fopen(/etc/nginx/ssl/server.crt, r) error:10000080:BIO routines::no such file)
2025/05/20 01:38:02 [emerg] 1#1: cannot load certificate "/etc/nginx/ssl/server.crt": BIO_new_file() failed (SSL: error:80000002:system library::No such file or directory:calling fopen(/etc/nginx/ssl/server.crt, r) error:10000080:BIO routines::no such file)
2025/05/20 01:38:15 [emerg] 1#1: cannot load certificate "/etc/nginx/ssl/server.crt": BIO_new_file() failed (SSL: error:80000002:system library::No such file or directory:calling fopen(/etc/nginx/ssl/server.crt, r) error:10000080:BIO routines::no such file)
2025/05/20 01:38:41 [emerg] 1#1: host not found in upstream "api" in /etc/nginx/conf.d/default.conf:37
2025/05/20 01:39:33 [emerg] 1#1: host not found in upstream "api" in /etc/nginx/conf.d/default.conf:37
2025/05/20 01:40:33 [emerg] 1#1: host not found in upstream "api" in /etc/nginx/conf.d/default.conf:37
2025/05/20 01:41:33 [emerg] 1#1: host not found in upstream "api" in /etc/nginx/conf.d/default.conf:37
2025/05/20 01:42:33 [emerg] 1#1: host not found in upstream "api" in /etc/nginx/conf.d/default.conf:37
2025/05/20 01:43:29 [emerg] 1#1: cannot load certificate "/etc/nginx/ssl/server.crt": BIO_new_file() failed (SSL: error:80000002:system library::No such file or directory:calling fopen(/etc/nginx/ssl/server.crt, r) error:10000080:BIO routines::no such file)
2025/05/20 01:43:29 [emerg] 1#1: cannot load certificate "/etc/nginx/ssl/server.crt": BIO_new_file() failed (SSL: error:80000002:system library::No such file or directory:calling fopen(/etc/nginx/ssl/server.crt, r) error:10000080:BIO routines::no such file)
2025/05/20 01:43:29 [emerg] 1#1: cannot load certificate "/etc/nginx/ssl/server.crt": BIO_new_file() failed (SSL: error:80000002:system library::No such file or directory:calling fopen(/etc/nginx/ssl/server.crt, r) error:10000080:BIO routines::no such file)
2025/05/20 01:43:30 [emerg] 1#1: cannot load certificate "/etc/nginx/ssl/server.crt": BIO_new_file() failed (SSL: error:80000002:system library::No such file or directory:calling fopen(/etc/nginx/ssl/server.crt, r) error:10000080:BIO routines::no such file)
2025/05/20 01:43:31 [emerg] 1#1: cannot load certificate "/etc/nginx/ssl/server.crt": BIO_new_file() failed (SSL: error:80000002:system library::No such file or directory:calling fopen(/etc/nginx/ssl/server.crt, r) error:10000080:BIO routines::no such file)
2025/05/20 01:43:33 [emerg] 1#1: cannot load certificate "/etc/nginx/ssl/server.crt": BIO_new_file() failed (SSL: error:80000002:system library::No such file or directory:calling fopen(/etc/nginx/ssl/server.crt, r) error:10000080:BIO routines::no such file)
2025/05/20 01:43:36 [emerg] 1#1: cannot load certificate "/etc/nginx/ssl/server.crt": BIO_new_file() failed (SSL: error:80000002:system library::No such file or directory:calling fopen(/etc/nginx/ssl/server.crt, r) error:10000080:BIO routines::no such file)
2025/05/20 01:43:43 [emerg] 1#1: cannot load certificate "/etc/nginx/ssl/server.crt": BIO_new_file() failed (SSL: error:80000002:system library::No such file or directory:calling fopen(/etc/nginx/ssl/server.crt, r) error:10000080:BIO routines::no such file)
2025/05/20 01:43:55 [emerg] 1#1: cannot load certificate "/etc/nginx/ssl/server.crt": BIO_new_file() failed (SSL: error:80000002:system library::No such file or directory:calling fopen(/etc/nginx/ssl/server.crt, r) error:10000080:BIO routines::no such file)
2025/05/20 01:44:21 [emerg] 1#1: host not found in upstream "api" in /etc/nginx/conf.d/default.conf:37
2025/05/20 01:44:48 [emerg] 1#1: cannot load certificate "/etc/nginx/ssl/server.crt": BIO_new_file() failed (SSL: error:80000002:system library::No such file or directory:calling fopen(/etc/nginx/ssl/server.crt, r) error:10000080:BIO routines::no such file)
2025/05/20 01:44:48 [emerg] 1#1: cannot load certificate "/etc/nginx/ssl/server.crt": BIO_new_file() failed (SSL: error:80000002:system library::No such file or directory:calling fopen(/etc/nginx/ssl/server.crt, r) error:10000080:BIO routines::no such file)
2025/05/20 01:44:48 [emerg] 1#1: cannot load certificate "/etc/nginx/ssl/server.crt": BIO_new_file() failed (SSL: error:80000002:system library::No such file or directory:calling fopen(/etc/nginx/ssl/server.crt, r) error:10000080:BIO routines::no such file)
2025/05/20 01:44:49 [emerg] 1#1: cannot load certificate "/etc/nginx/ssl/server.crt": BIO_new_file() failed (SSL: error:80000002:system library::No such file or directory:calling fopen(/etc/nginx/ssl/server.crt, r) error:10000080:BIO routines::no such file)
2025/05/20 01:44:50 [emerg] 1#1: host not found in upstream "api" in /etc/nginx/conf.d/default.conf:37
2025/05/20 01:44:52 [emerg] 1#1: cannot load certificate "/etc/nginx/ssl/server.crt": BIO_new_file() failed (SSL: error:80000002:system library::No such file or directory:calling fopen(/etc/nginx/ssl/server.crt, r) error:10000080:BIO routines::no such file)
2025/05/20 01:44:55 [emerg] 1#1: cannot load certificate "/etc/nginx/ssl/server.crt": BIO_new_file() failed (SSL: error:80000002:system library::No such file or directory:calling fopen(/etc/nginx/ssl/server.crt, r) error:10000080:BIO routines::no such file)
2025/05/20 01:45:01 [emerg] 1#1: cannot load certificate "/etc/nginx/ssl/server.crt": BIO_new_file() failed (SSL: error:80000002:system library::No such file or directory:calling fopen(/etc/nginx/ssl/server.crt, r) error:10000080:BIO routines::no such file)
2025/05/20 01:45:14 [emerg] 1#1: cannot load certificate "/etc/nginx/ssl/server.crt": BIO_new_file() failed (SSL: error:80000002:system library::No such file or directory:calling fopen(/etc/nginx/ssl/server.crt, r) error:10000080:BIO routines::no such file)
2025/05/20 01:45:40 [emerg] 1#1: host not found in upstream "api" in /etc/nginx/conf.d/default.conf:37
2025/05/20 01:46:32 [emerg] 1#1: host not found in upstream "api" in /etc/nginx/conf.d/default.conf:37
2025/05/20 01:47:32 [emerg] 1#1: host not found in upstream "api" in /etc/nginx/conf.d/default.conf:37
2025/05/20 01:48:32 [emerg] 1#1: host not found in upstream "api" in /etc/nginx/conf.d/default.conf:37
2025/05/20 01:49:32 [emerg] 1#1: host not found in upstream "api" in /etc/nginx/conf.d/default.conf:37
2025/05/20 01:50:33 [emerg] 1#1: host not found in upstream "api" in /etc/nginx/conf.d/default.conf:37
2025/05/20 01:51:33 [emerg] 1#1: host not found in upstream "api" in /etc/nginx/conf.d/default.conf:37
2025/05/20 01:52:33 [emerg] 1#1: host not found in upstream "api" in /etc/nginx/conf.d/default.conf:37
2025/05/20 01:53:33 [emerg] 1#1: host not found in upstream "api" in /etc/nginx/conf.d/default.conf:37
2025/05/20 01:54:33 [emerg] 1#1: host not found in upstream "api" in /etc/nginx/conf.d/default.conf:37
2025/05/20 01:55:33 [emerg] 1#1: host not found in upstream "api" in /etc/nginx/conf.d/default.conf:37
2025/05/20 01:56:33 [emerg] 1#1: host not found in upstream "api" in /etc/nginx/conf.d/default.conf:37
2025/05/20 01:57:34 [emerg] 1#1: host not found in upstream "api" in /etc/nginx/conf.d/default.conf:37
2025/05/20 01:58:34 [emerg] 1#1: host not found in upstream "api" in /etc/nginx/conf.d/default.conf:37
2025/05/20 01:59:34 [emerg] 1#1: host not found in upstream "api" in /etc/nginx/conf.d/default.conf:37
2025/05/20 02:00:34 [emerg] 1#1: host not found in upstream "api" in /etc/nginx/conf.d/default.conf:37
2025/05/20 02:01:34 [emerg] 1#1: host not found in upstream "api" in /etc/nginx/conf.d/default.conf:37
2025/05/20 02:02:35 [emerg] 1#1: host not found in upstream "api" in /etc/nginx/conf.d/default.conf:37
2025/05/20 02:03:35 [emerg] 1#1: host not found in upstream "api" in /etc/nginx/conf.d/default.conf:13
2025/05/20 02:04:35 [emerg] 1#1: cannot load certificate "/etc/nginx/ssl/server.crt": BIO_new_file() failed (SSL: error:80000002:system library::No such file or directory:calling fopen(/etc/nginx/ssl/server.crt, r) error:10000080:BIO routines::no such file)
2025/05/20 02:05:35 [emerg] 1#1: host not found in upstream "api" in /etc/nginx/conf.d/default.conf:13
2025/05/20 02:36:38 [emerg] 1#1: host not found in upstream "api" in /etc/nginx/conf.d/default.conf:13
2025/05/20 03:07:37 [emerg] 1#1: host not found in upstream "api" in /etc/nginx/conf.d/default.conf:13
2025/05/20 03:53:41 [emerg] 1#1: host not found in upstream "api" in /etc/nginx/conf.d/default.conf:13
2025/05/20 04:22:16 [emerg] 1#1: host not found in upstream "api" in /etc/nginx/conf.d/default.conf:13
2025/05/20 04:56:03 [emerg] 1#1: host not found in upstream "api" in /etc/nginx/conf.d/default.conf:13
2025/05/20 05:23:21 [emerg] 1#1: host not found in upstream "api" in /etc/nginx/conf.d/default.conf:13
2025/05/20 05:54:24 [emerg] 1#1: host not found in upstream "api" in /etc/nginx/conf.d/default.conf:13
2025/05/20 06:24:29 [emerg] 1#1: host not found in upstream "api" in /etc/nginx/conf.d/default.conf:13
2025/05/20 06:55:31 [emerg] 1#1: host not found in upstream "api" in /etc/nginx/conf.d/default.conf:13
2025/05/20 07:40:42 [emerg] 1#1: host not found in upstream "api" in /etc/nginx/conf.d/default.conf:13
2025/05/20 08:10:51 [emerg] 1#1: host not found in upstream "api" in /etc/nginx/conf.d/default.conf:13
2025/05/20 08:41:54 [emerg] 1#1: host not found in upstream "api" in /etc/nginx/conf.d/default.conf:13
2025/05/20 09:12:04 [emerg] 1#1: host not found in upstream "api" in /etc/nginx/conf.d/default.conf:13
2025/05/20 09:36:09 [emerg] 1#1: host not found in upstream "api" in /etc/nginx/conf.d/default.conf:13
2025/05/20 10:13:04 [emerg] 1#1: host not found in upstream "api" in /etc/nginx/conf.d/default.conf:13
2025/05/20 10:44:06 [emerg] 1#1: host not found in upstream "api" in /etc/nginx/conf.d/default.conf:13
2025/05/20 11:13:51 [emerg] 1#1: host not found in upstream "api" in /etc/nginx/conf.d/default.conf:13
2025/05/20 11:44:54 [emerg] 1#1: host not found in upstream "api" in /etc/nginx/conf.d/default.conf:13
2025/05/20 12:14:53 [emerg] 1#1: host not found in upstream "api" in /etc/nginx/conf.d/default.conf:13
2025/05/20 12:16:13 [emerg] 1#1: host not found in upstream "api" in /etc/nginx/conf.d/default.conf:13
2025/05/20 12:17:13 [emerg] 1#1: host not found in upstream "api" in /etc/nginx/conf.d/default.conf:13
2025/05/20 12:18:13 [emerg] 1#1: host not found in upstream "api" in /etc/nginx/conf.d/default.conf:13
2025/05/20 12:19:13 [emerg] 1#1: host not found in upstream "api" in /etc/nginx/conf.d/default.conf:13
2025/05/20 12:20:13 [emerg] 1#1: host not found in upstream "api" in /etc/nginx/conf.d/default.conf:13
2025/05/20 12:21:13 [emerg] 1#1: host not found in upstream "api" in /etc/nginx/conf.d/default.conf:13
2025/05/20 12:22:14 [emerg] 1#1: host not found in upstream "api" in /etc/nginx/conf.d/default.conf:13
2025/05/20 12:23:14 [emerg] 1#1: host not found in upstream "api" in /etc/nginx/conf.d/default.conf:13
2025/05/20 12:24:14 [emerg] 1#1: host not found in upstream "api" in /etc/nginx/conf.d/default.conf:13
2025/05/20 12:25:14 [emerg] 1#1: host not found in upstream "api" in /etc/nginx/conf.d/default.conf:13
2025/05/20 12:26:14 [emerg] 1#1: host not found in upstream "api" in /etc/nginx/conf.d/default.conf:13
2025/05/20 12:27:14 [emerg] 1#1: host not found in upstream "api" in /etc/nginx/conf.d/default.conf:13
2025/05/20 12:28:10 [notice] 1#1: using the "epoll" event method
2025/05/20 12:28:10 [notice] 1#1: nginx/1.27.5
2025/05/20 12:28:10 [notice] 1#1: built by gcc 14.2.0 (Alpine 14.2.0) 
2025/05/20 12:28:10 [notice] 1#1: OS: Linux 6.10.14-linuxkit
2025/05/20 12:28:10 [notice] 1#1: getrlimit(RLIMIT_NOFILE): 1048576:1048576
2025/05/20 12:28:10 [notice] 1#1: start worker processes
2025/05/20 12:28:10 [notice] 1#1: start worker process 28
2025/05/20 12:28:10 [notice] 1#1: start worker process 29
2025/05/20 12:28:10 [notice] 1#1: start worker process 30
2025/05/20 12:28:10 [notice] 1#1: start worker process 31
2025/05/20 12:28:10 [notice] 1#1: start worker process 32
2025/05/20 12:28:10 [notice] 1#1: start worker process 33
2025/05/20 12:28:10 [notice] 1#1: start worker process 34
2025/05/20 12:28:10 [notice] 1#1: start worker process 35
2025/05/21 10:36:02 [notice] 1#1: signal 3 (SIGQUIT) received, shutting down
2025/05/21 10:36:02 [notice] 29#29: gracefully shutting down
2025/05/21 10:36:02 [notice] 28#28: gracefully shutting down
2025/05/21 10:36:02 [notice] 30#30: gracefully shutting down
2025/05/21 10:36:02 [notice] 32#32: gracefully shutting down
2025/05/21 10:36:02 [notice] 31#31: gracefully shutting down
2025/05/21 10:36:02 [notice] 33#33: gracefully shutting down
2025/05/21 10:36:02 [notice] 35#35: gracefully shutting down
2025/05/21 10:36:02 [notice] 29#29: exiting
2025/05/21 10:36:02 [notice] 34#34: gracefully shutting down
2025/05/21 10:36:02 [notice] 35#35: exiting
2025/05/21 10:36:02 [notice] 33#33: exiting
2025/05/21 10:36:02 [notice] 32#32: exiting
2025/05/21 10:36:02 [notice] 30#30: exiting
2025/05/21 10:36:02 [notice] 31#31: exiting
2025/05/21 10:36:02 [notice] 28#28: exiting
2025/05/21 10:36:02 [notice] 34#34: exiting
2025/05/21 10:36:02 [notice] 30#30: exit
2025/05/21 10:36:02 [notice] 34#34: exit
2025/05/21 10:36:02 [notice] 35#35: exit
2025/05/21 10:36:02 [notice] 32#32: exit
2025/05/21 10:36:02 [notice] 28#28: exit
2025/05/21 10:36:02 [notice] 29#29: exit
2025/05/21 10:36:02 [notice] 31#31: exit
2025/05/21 10:36:02 [notice] 33#33: exit
2025/05/21 10:36:02 [notice] 1#1: signal 17 (SIGCHLD) received from 28
2025/05/21 10:36:02 [notice] 1#1: worker process 28 exited with code 0
2025/05/21 10:36:02 [notice] 1#1: worker process 32 exited with code 0
2025/05/21 10:36:02 [notice] 1#1: worker process 34 exited with code 0
2025/05/21 10:36:02 [notice] 1#1: signal 29 (SIGIO) received
2025/05/21 10:36:02 [notice] 1#1: signal 17 (SIGCHLD) received from 34
2025/05/21 10:36:02 [notice] 1#1: signal 17 (SIGCHLD) received from 30
2025/05/21 10:36:02 [notice] 1#1: worker process 30 exited with code 0
2025/05/21 10:36:02 [notice] 1#1: signal 29 (SIGIO) received
2025/05/21 10:36:02 [notice] 1#1: signal 17 (SIGCHLD) received from 29
2025/05/21 10:36:02 [notice] 1#1: worker process 29 exited with code 0
2025/05/21 10:36:02 [notice] 1#1: worker process 35 exited with code 0
2025/05/21 10:36:02 [notice] 1#1: signal 29 (SIGIO) received
2025/05/21 10:36:02 [notice] 1#1: signal 17 (SIGCHLD) received from 35
2025/05/21 10:36:02 [notice] 1#1: signal 17 (SIGCHLD) received from 31
2025/05/21 10:36:02 [notice] 1#1: worker process 31 exited with code 0
2025/05/21 10:36:02 [notice] 1#1: worker process 33 exited with code 0
2025/05/21 10:36:02 [notice] 1#1: exit
2025/05/21 10:36:04 [notice] 1#1: using the "epoll" event method
2025/05/21 10:36:04 [notice] 1#1: nginx/1.27.5
2025/05/21 10:36:04 [notice] 1#1: built by gcc 14.2.0 (Alpine 14.2.0) 
2025/05/21 10:36:04 [notice] 1#1: OS: Linux 6.10.14-linuxkit
2025/05/21 10:36:04 [notice] 1#1: getrlimit(RLIMIT_NOFILE): 1048576:1048576
2025/05/21 10:36:04 [notice] 1#1: start worker processes
2025/05/21 10:36:04 [notice] 1#1: start worker process 28
2025/05/21 10:36:04 [notice] 1#1: start worker process 29
2025/05/21 10:36:04 [notice] 1#1: start worker process 30
2025/05/21 10:36:04 [notice] 1#1: start worker process 31
2025/05/21 10:36:04 [notice] 1#1: start worker process 32
2025/05/21 10:36:04 [notice] 1#1: start worker process 33
2025/05/21 10:36:04 [notice] 1#1: start worker process 34
2025/05/21 10:36:04 [notice] 1#1: start worker process 35
2025/05/21 10:36:46 [notice] 1#1: signal 3 (SIGQUIT) received, shutting down
2025/05/21 10:36:46 [notice] 29#29: gracefully shutting down
2025/05/21 10:36:46 [notice] 34#34: gracefully shutting down
2025/05/21 10:36:46 [notice] 28#28: gracefully shutting down
2025/05/21 10:36:46 [notice] 30#30: gracefully shutting down
2025/05/21 10:36:46 [notice] 31#31: gracefully shutting down
2025/05/21 10:36:46 [notice] 32#32: gracefully shutting down
2025/05/21 10:36:46 [notice] 33#33: gracefully shutting down
2025/05/21 10:36:46 [notice] 30#30: exiting
2025/05/21 10:36:46 [notice] 35#35: gracefully shutting down
2025/05/21 10:36:46 [notice] 29#29: exiting
2025/05/21 10:36:46 [notice] 34#34: exiting
2025/05/21 10:36:46 [notice] 31#31: exiting
2025/05/21 10:36:46 [notice] 28#28: exiting
2025/05/21 10:36:46 [notice] 33#33: exiting
2025/05/21 10:36:46 [notice] 32#32: exiting
2025/05/21 10:36:46 [notice] 31#31: exit
2025/05/21 10:36:46 [notice] 35#35: exiting
2025/05/21 10:36:46 [notice] 33#33: exit
2025/05/21 10:36:46 [notice] 28#28: exit
2025/05/21 10:36:46 [notice] 30#30: exit
2025/05/21 10:36:46 [notice] 29#29: exit
2025/05/21 10:36:46 [notice] 34#34: exit
2025/05/21 10:36:46 [notice] 32#32: exit
2025/05/21 10:36:46 [notice] 35#35: exit
2025/05/21 10:36:46 [notice] 1#1: signal 17 (SIGCHLD) received from 31
2025/05/21 10:36:46 [notice] 1#1: worker process 31 exited with code 0
2025/05/21 10:36:46 [notice] 1#1: signal 29 (SIGIO) received
2025/05/21 10:36:46 [notice] 1#1: signal 17 (SIGCHLD) received from 32
2025/05/21 10:36:46 [notice] 1#1: worker process 28 exited with code 0
2025/05/21 10:36:46 [notice] 1#1: worker process 30 exited with code 0
2025/05/21 10:36:46 [notice] 1#1: worker process 29 exited with code 0
2025/05/21 10:36:46 [notice] 1#1: worker process 32 exited with code 0
2025/05/21 10:36:46 [notice] 1#1: worker process 33 exited with code 0
2025/05/21 10:36:46 [notice] 1#1: worker process 34 exited with code 0
2025/05/21 10:36:46 [notice] 1#1: worker process 35 exited with code 0
2025/05/21 10:36:46 [notice] 1#1: exit
2025/05/21 10:38:27 [notice] 1#1: using the "epoll" event method
2025/05/21 10:38:27 [notice] 1#1: nginx/1.27.5
2025/05/21 10:38:27 [notice] 1#1: built by gcc 14.2.0 (Alpine 14.2.0) 
2025/05/21 10:38:27 [notice] 1#1: OS: Linux 6.10.14-linuxkit
2025/05/21 10:38:27 [notice] 1#1: getrlimit(RLIMIT_NOFILE): 1048576:1048576
2025/05/21 10:38:27 [notice] 1#1: start worker processes
2025/05/21 10:38:27 [notice] 1#1: start worker process 29
2025/05/21 10:38:27 [notice] 1#1: start worker process 30
2025/05/21 10:38:27 [notice] 1#1: start worker process 31
2025/05/21 10:38:27 [notice] 1#1: start worker process 32
2025/05/21 10:38:27 [notice] 1#1: start worker process 33
2025/05/21 10:38:27 [notice] 1#1: start worker process 34
2025/05/21 10:38:27 [notice] 1#1: start worker process 35
2025/05/21 10:38:27 [notice] 1#1: start worker process 36
